#
# There is insufficient memory for the Java Runtime Environment to continue.
# Native memory allocation (mmap) failed to map 67108864 bytes for G1 virtual space
# Possible reasons:
#   The system is out of physical RAM or swap space
#   The process is running with CompressedOops enabled, and the Java Heap may be blocking the growth of the native heap
# Possible solutions:
#   Reduce memory load on the system
#   Increase physical memory or swap space
#   Check if swap backing store is full
#   Decrease Java heap size (-Xmx/-Xms)
#   Decrease number of Java threads
#   Decrease Java thread stack sizes (-Xss)
#   Set larger code cache with -XX:ReservedCodeCacheSize=
#   JVM is running with Unscaled Compressed Oops mode in which the Java heap is
#     placed in the first 4GB address space. The Java Heap base address is the
#     maximum limit for the native heap growth. Please use -XX:HeapBaseMinAddress
#     to set the Java Heap base and to place the Java Heap above 4GB virtual address.
# This output file may be truncated or incomplete.
#
#  Out of Memory Error (os_windows.cpp:3528), pid=15276, tid=16888
#
# JRE version:  (20.0.1+9) (build )
# Java VM: Java HotSpot(TM) 64-Bit Server VM (20.0.1+9-29, mixed mode, sharing, tiered, compressed oops, compressed class ptrs, g1 gc, windows-amd64)
# No core dump will be written. Minidumps are not enabled by default on client versions of Windows
#

---------------  S U M M A R Y ------------

Command Line: -Xmx64m -Xms64m -Dorg.gradle.appname=gradlew org.gradle.wrapper.GradleWrapperMain app:installDebug -PreactNativeDevServerPort=8081

Host: AMD Ryzen 7 5800H with Radeon Graphics         , 16 cores, 15G,  Windows 11 , 64 bit Build 22000 (10.0.22000.2538)
Time: Wed Nov 20 16:31:10 2024 SE Asia Standard Time elapsed time: 0.009075 seconds (0d 0h 0m 0s)

---------------  T H R E A D  ---------------

Current thread (0x000001717c185ff0):  JavaThread "Unknown thread" [_thread_in_vm, id=16888, stack(0x00000024f0a00000,0x00000024f0b00000)]

Stack: [0x00000024f0a00000,0x00000024f0b00000]
Native frames: (J=compiled Java code, j=interpreted, Vv=VM code, C=native code)
V  [jvm.dll+0x6bb95a]
V  [jvm.dll+0x8485fa]
V  [jvm.dll+0x84a1f5]
V  [jvm.dll+0x84a8f3]
V  [jvm.dll+0x280b0f]
V  [jvm.dll+0x6b86e9]
V  [jvm.dll+0x6ad2da]
V  [jvm.dll+0x35adf5]
V  [jvm.dll+0x363016]
V  [jvm.dll+0x3b3b3e]
V  [jvm.dll+0x3b3dc5]
V  [jvm.dll+0x32b50a]
V  [jvm.dll+0x32c32b]
V  [jvm.dll+0x8112bf]
V  [jvm.dll+0x3c0d91]
V  [jvm.dll+0x7fcfe3]
V  [jvm.dll+0x44c76f]
V  [jvm.dll+0x44e0e1]
C  [jli.dll+0x5287]
C  [ucrtbase.dll+0x26c0c]
C  [KERNEL32.DLL+0x153e0]
C  [ntdll.dll+0x485b]


---------------  P R O C E S S  ---------------

Threads class SMR info:
_java_thread_list=0x00007ffb9efea098, length=0, elements={
}

Java Threads: ( => current thread )

Other Threads:
  0x000001717c1ad2c0 WorkerThread "GC Thread#0" [stack: 0x00000024f0b00000,0x00000024f0c00000] [id=15632]
  0x000001717c1ae8d0 ConcurrentGCThread "G1 Main Marker" [stack: 0x00000024f0c00000,0x00000024f0d00000] [id=1372]
  0x000001717c1af3a0 WorkerThread "G1 Conc#0" [stack: 0x00000024f0d00000,0x00000024f0e00000] [id=21420]

[error occurred during error reporting (printing all threads), id 0xc0000005, EXCEPTION_ACCESS_VIOLATION (0xc0000005) at pc=0x00007ffb9e7ceb47]
VM state: not at safepoint (not fully initialized)

VM Mutex/Monitor currently owned by a thread:  ([mutex/lock_event])
[0x000001717c181a80] Heap_lock - owner thread: 0x000001717c185ff0

Heap address: 0x00000000fc000000, size: 64 MB, Compressed Oops mode: 32-bit

CDS archive(s) mapped at: [0x0000000000000000-0x0000000000000000-0x0000000000000000), size 0, SharedBaseAddress: 0x0000000800000000, ArchiveRelocationMode: 0.
Narrow klass base: 0x0000000000000000, Narrow klass shift: 0, Narrow klass range: 0x0

GC Precious Log:
 CardTable entry size: 512
 Card Set container configuration: InlinePtr #cards 5 size 8 Array Of Cards #cards 12 size 40 Howl #buckets 4 coarsen threshold 1843 Howl Bitmap #cards 512 size 80 coarsen threshold 460 Card regions per heap region 1 cards per card region 2048

Heap:
 garbage-first heap   total 0K, used 0K [0x00000000fc000000, 0x0000000100000000)
  region size 1024K, 0 young (0K), 0 survivors (0K)

[error occurred during error reporting (printing heap information), id 0xc0000005, EXCEPTION_ACCESS_VIOLATION (0xc0000005) at pc=0x00007ffb9eba3c59]
GC Heap History (0 events):
No events

Dll operation events (1 events):
Event: 0.005 Loaded shared library C:\Program Files\Java\jdk-20\bin\java.dll

Deoptimization events (0 events):
No events

Classes loaded (0 events):
No events

Classes unloaded (0 events):
No events

Classes redefined (0 events):
No events

Internal exceptions (0 events):
No events

VM Operations (0 events):
No events

Events (0 events):
No events


Dynamic libraries:
0x00007ff7c0fc0000 - 0x00007ff7c0fd0000 	C:\Program Files\Java\jdk-20\bin\java.exe
0x00007ffc09f40000 - 0x00007ffc0a149000 	C:\Windows\SYSTEM32\ntdll.dll
0x00007ffc080d0000 - 0x00007ffc0818d000 	C:\Windows\System32\KERNEL32.DLL
0x00007ffc078b0000 - 0x00007ffc07c34000 	C:\Windows\System32\KERNELBASE.dll
0x00007ffc07670000 - 0x00007ffc07781000 	C:\Windows\System32\ucrtbase.dll
0x00007ffbe2fd0000 - 0x00007ffbe2feb000 	C:\Program Files\Java\jdk-20\bin\VCRUNTIME140.dll
0x00007ffbe51e0000 - 0x00007ffbe51f9000 	C:\Program Files\Java\jdk-20\bin\jli.dll
0x00007ffc08760000 - 0x00007ffc0880e000 	C:\Windows\System32\ADVAPI32.dll
0x00007ffc08570000 - 0x00007ffc08613000 	C:\Windows\System32\msvcrt.dll
0x00007ffc08810000 - 0x00007ffc088ae000 	C:\Windows\System32\sechost.dll
0x00007ffc07fa0000 - 0x00007ffc080c1000 	C:\Windows\System32\RPCRT4.dll
0x00007ffc083c0000 - 0x00007ffc0856d000 	C:\Windows\System32\USER32.dll
0x00007ffc07d60000 - 0x00007ffc07d86000 	C:\Windows\System32\win32u.dll
0x00007ffbe5270000 - 0x00007ffbe5515000 	C:\Windows\WinSxS\amd64_microsoft.windows.common-controls_6595b64144ccf1df_6.0.22000.120_none_9d947278b86cc467\COMCTL32.dll
0x00007ffc09630000 - 0x00007ffc0965a000 	C:\Windows\System32\GDI32.dll
0x00007ffc07c40000 - 0x00007ffc07d5e000 	C:\Windows\System32\gdi32full.dll
0x00007ffc07790000 - 0x00007ffc0782d000 	C:\Windows\System32\msvcp_win.dll
0x00007ffbffb90000 - 0x00007ffbffb9a000 	C:\Windows\SYSTEM32\VERSION.dll
0x00007ffc09450000 - 0x00007ffc09481000 	C:\Windows\System32\IMM32.DLL
0x00007ffbe51d0000 - 0x00007ffbe51dc000 	C:\Program Files\Java\jdk-20\bin\vcruntime140_1.dll
0x00007ffbbae00000 - 0x00007ffbbae8e000 	C:\Program Files\Java\jdk-20\bin\msvcp140.dll
0x00007ffb9e490000 - 0x00007ffb9f127000 	C:\Program Files\Java\jdk-20\bin\server\jvm.dll
0x00007ffbe2fc0000 - 0x00007ffbe2fc9000 	C:\Windows\SYSTEM32\WSOCK32.dll
0x00007ffbffcc0000 - 0x00007ffbffcf3000 	C:\Windows\SYSTEM32\WINMM.dll
0x00007ffc09e90000 - 0x00007ffc09eff000 	C:\Windows\System32\WS2_32.dll
0x00007ffc06440000 - 0x00007ffc06458000 	C:\Windows\SYSTEM32\kernel.appcore.dll
0x00007ffbe0610000 - 0x00007ffbe061a000 	C:\Program Files\Java\jdk-20\bin\jimage.dll
0x00007ffbfbc50000 - 0x00007ffbfbe71000 	C:\Windows\SYSTEM32\DBGHELP.DLL
0x00007ffbfbc10000 - 0x00007ffbfbc41000 	C:\Windows\SYSTEM32\dbgcore.DLL
0x00007ffc07830000 - 0x00007ffc078af000 	C:\Windows\System32\bcryptPrimitives.dll
0x00007ffbbcce0000 - 0x00007ffbbcd06000 	C:\Program Files\Java\jdk-20\bin\java.dll

dbghelp: loaded successfully - version: 4.0.5 - missing functions: none
symbol engine: initialized successfully - sym options: 0x614 - pdb path: .;C:\Program Files\Java\jdk-20\bin;C:\Windows\SYSTEM32;C:\Windows\WinSxS\amd64_microsoft.windows.common-controls_6595b64144ccf1df_6.0.22000.120_none_9d947278b86cc467;C:\Program Files\Java\jdk-20\bin\server

VM Arguments:
jvm_args: -Xmx64m -Xms64m -Dorg.gradle.appname=gradlew 
java_command: org.gradle.wrapper.GradleWrapperMain app:installDebug -PreactNativeDevServerPort=8081
java_class_path (initial): D:\PTUDDNT\frontend\android\\gradle\wrapper\gradle-wrapper.jar
Launcher Type: SUN_STANDARD

[Global flags]
     intx CICompilerCount                          = 12                                        {product} {ergonomic}
     uint ConcGCThreads                            = 3                                         {product} {ergonomic}
     uint G1ConcRefinementThreads                  = 13                                        {product} {ergonomic}
   size_t G1HeapRegionSize                         = 1048576                                   {product} {ergonomic}
    uintx GCDrainStackTargetSize                   = 64                                        {product} {ergonomic}
   size_t InitialHeapSize                          = 67108864                                  {product} {command line}
   size_t MarkStackSize                            = 4194304                                   {product} {ergonomic}
   size_t MaxHeapSize                              = 67108864                                  {product} {command line}
   size_t MinHeapDeltaBytes                        = 1048576                                   {product} {ergonomic}
   size_t MinHeapSize                              = 67108864                                  {product} {command line}
    uintx NonNMethodCodeHeapSize                   = 7602480                                {pd product} {ergonomic}
    uintx NonProfiledCodeHeapSize                  = 122027880                              {pd product} {ergonomic}
    uintx ProfiledCodeHeapSize                     = 122027880                              {pd product} {ergonomic}
    uintx ReservedCodeCacheSize                    = 251658240                              {pd product} {ergonomic}
     bool SegmentedCodeCache                       = true                                      {product} {ergonomic}
   size_t SoftMaxHeapSize                          = 67108864                               {manageable} {ergonomic}
     bool UseCompressedClassPointers               = true                           {product lp64_product} {ergonomic}
     bool UseCompressedOops                        = true                           {product lp64_product} {ergonomic}
     bool UseG1GC                                  = true                                      {product} {ergonomic}
     bool UseLargePagesIndividualAllocation        = false                                  {pd product} {ergonomic}

Logging:
Log output configuration:
 #0: stdout all=warning uptime,level,tags foldmultilines=false
 #1: stderr all=off uptime,level,tags foldmultilines=false

Environment Variables:
JAVA_HOME=C:\Program Files\Java\jdk-20
CLASSPATH=D:\PTUDDNT\frontend\android\\gradle\wrapper\gradle-wrapper.jar
PATH=D:\PTUDDNT\frontend\node_modules\.bin;D:\PTUDDNT\frontend\node_modules\.bin;D:\PTUDDNT\node_modules\.bin;D:\node_modules\.bin;C:\Program Files\nodejs\node_modules\npm\node_modules\@npmcli\run-script\lib\node-gyp-bin;C:\Users\admin\AppData\Local\Temp\xfs-c48e2a22;C:\Program Files\Common Files\Oracle\Java\javapath;C:\ProgramData\Oracle\Java\javapath;C:\Windows\system32;C:\Windows;C:\Windows\System32\Wbem;C:\Windows\System32\WindowsPowerShell\v1.0\;C:\Windows\System32\OpenSSH\;C:\Program Files (x86)\NVIDIA Corporation\PhysX\Common;C:\Program Files\NVIDIA Corporation\NVIDIA NvDLISR;C:\Program Files\dotnet\;C:\Program Files\nodejs\;C:\Program Files\Git\cmd;C:\Users\admin\AppData\Local\Programs\Python\Python311\;C:\Users\admin\AppData\Local\Programs\Python\Python311\Scripts\;C:\Users\admin\AppData\Local\Microsoft\WindowsApps;C:\Users\admin\AppData\Local\Programs\Microsoft VS Code\bin;C:\Users\admin\AppData\Roaming\npm;C:\Program Files\JetBrains\IntelliJ IDEA 2023.1.2\bin;;D:\IntelliJ IDEA Community Edition 2023.3.2\bin;;C:\Program Files\Azure Data Studio\bin;C:\msys64\ucrt64\bin;
USERNAME=admin
LANG=en_US.UTF-8
OS=Windows_NT
PROCESSOR_IDENTIFIER=AMD64 Family 25 Model 80 Stepping 0, AuthenticAMD
TMP=C:\Users\admin\AppData\Local\Temp
TEMP=C:\Users\admin\AppData\Local\Temp




---------------  S Y S T E M  ---------------

OS:
 Windows 11 , 64 bit Build 22000 (10.0.22000.2538)
OS uptime: 1 days 17:06 hours

CPU: total 16 (initial active 16) (16 cores per cpu, 2 threads per core) family 25 model 80 stepping 0 microcode 0x0, cx8, cmov, fxsr, ht, mmx, 3dnowpref, sse, sse2, sse3, ssse3, sse4a, sse4.1, sse4.2, popcnt, lzcnt, tsc, tscinvbit, avx, avx2, aes, erms, clmul, bmi1, bmi2, adx, sha, fma, vzeroupper, clflush, clflushopt, rdtscp, rdpid, fsrm, f16c, pku, cet_ss

Memory: 4k page, system-wide physical 15720M (3395M free)
TotalPageFile size 21102M (AvailPageFile size 17M)
current process WorkingSet (physical memory assigned to process): 10M, peak: 10M
current process commit charge ("private bytes"): 69M, peak: 133M

vm_info: Java HotSpot(TM) 64-Bit Server VM (20.0.1+9-29) for windows-amd64 JRE (20.0.1+9-29), built on 2023-03-07T13:56:11Z by "mach5one" with MS VC++ 17.1 (VS2022)

END.
